0 info it worked if it ends with ok
<<<<<<< HEAD
1 verbose cli [ '/usr/local/bin/node', '/usr/local/bin/npm', 'start' ]
2 info using npm@3.7.3
3 info using node@v5.6.0
4 verbose stack Error: ENOENT: no such file or directory, open '/Users/joeraso/Desktop/Penn/CIS/CIS_450/cis550-project/package.json'
4 verbose stack     at Error (native)
5 verbose cwd /Users/joeraso/Desktop/Penn/CIS/CIS_450/cis550-project
6 error Darwin 15.2.0
7 error argv "/usr/local/bin/node" "/usr/local/bin/npm" "start"
8 error node v5.6.0
9 error npm  v3.7.3
10 error path /Users/joeraso/Desktop/Penn/CIS/CIS_450/cis550-project/package.json
11 error code ENOENT
12 error errno -2
13 error syscall open
14 error enoent ENOENT: no such file or directory, open '/Users/joeraso/Desktop/Penn/CIS/CIS_450/cis550-project/package.json'
15 error enoent ENOENT: no such file or directory, open '/Users/joeraso/Desktop/Penn/CIS/CIS_450/cis550-project/package.json'
15 error enoent This is most likely not a problem with npm itself
15 error enoent and is related to npm not being able to find a file.
16 verbose exit [ -2, true ]
=======
1 verbose cli [ 'node', '/usr/local/bin/npm', 'install' ]
2 info using npm@2.1.18
3 info using node@v0.10.35
4 verbose node symlink /usr/local/bin/node
5 error install Couldn't read dependencies
6 verbose stack Error: ENOENT, open '/Users/Anjali/Documents/UPenn/Spring 2016/CIS 550/cis550-project/package.json'
7 verbose cwd /Users/Anjali/Documents/UPenn/Spring 2016/CIS 550/cis550-project
8 error Darwin 14.5.0
9 error argv "node" "/usr/local/bin/npm" "install"
10 error node v0.10.35
11 error npm  v2.1.18
12 error path /Users/Anjali/Documents/UPenn/Spring 2016/CIS 550/cis550-project/package.json
13 error code ENOPACKAGEJSON
14 error errno 34
15 error package.json ENOENT, open '/Users/Anjali/Documents/UPenn/Spring 2016/CIS 550/cis550-project/package.json'
15 error package.json This is most likely not a problem with npm itself.
15 error package.json npm can't find a package.json file in your current directory.
16 verbose exit [ 34, true ]
>>>>>>> 2a1c36d9bee35cee732a4ea5db45c915e06a016b
